2018-11-18 17:57:42,874 (StartupInfoLogger.java:50)  INFO Starting Application on admindembp with PID 85047 (/Users/lianpengfei/git/miaosha/miaosha_3/target/classes started by lianpengfei in /Users/lianpengfei/git/miaosha/miaosha_3)
2018-11-18 17:57:42,892 (SpringApplication.java:675)  INFO No active profile set, falling back to default profiles: default
2018-11-18 17:57:44,293 (TomcatWebServer.java:90)  INFO Tomcat initialized with port(s): 8080 (http)
2018-11-18 17:57:44,511 (ServletWebServerApplicationContext.java:285)  INFO Root WebApplicationContext: initialization completed in 1579 ms
2018-11-18 17:57:44,613 (ServletRegistrationBean.java:186)  INFO Servlet dispatcherServlet mapped to [/]
2018-11-18 17:57:44,616 (ServletRegistrationBean.java:186)  INFO Servlet statViewServlet mapped to [/druid/*]
2018-11-18 17:57:44,621 (AbstractFilterRegistrationBean.java:248)  INFO Mapping filter: 'characterEncodingFilter' to: [/*]
2018-11-18 17:57:44,621 (AbstractFilterRegistrationBean.java:248)  INFO Mapping filter: 'hiddenHttpMethodFilter' to: [/*]
2018-11-18 17:57:44,621 (AbstractFilterRegistrationBean.java:248)  INFO Mapping filter: 'formContentFilter' to: [/*]
2018-11-18 17:57:44,621 (AbstractFilterRegistrationBean.java:248)  INFO Mapping filter: 'requestContextFilter' to: [/*]
2018-11-18 17:57:44,621 (AbstractFilterRegistrationBean.java:261)  INFO Mapping filter: 'webStatFilter' to urls: [/*]
2018-11-18 17:57:46,078 (Log4j2Impl.java:106)  INFO {dataSource-1} inited
2018-11-18 17:57:46,780 (ExecutorConfigurationSupport.java:171)  INFO Initializing ExecutorService 'applicationTaskExecutor'
2018-11-18 17:57:47,667 (TomcatWebServer.java:204)  INFO Tomcat started on port(s): 8080 (http) with context path ''
2018-11-18 17:57:47,676 (StartupInfoLogger.java:59)  INFO Started Application in 5.372 seconds (JVM running for 7.694)
2018-11-18 17:58:05,843 (StartupInfoLogger.java:50)  INFO Starting Application on admindembp with PID 85067 (/Users/lianpengfei/git/miaosha/miaosha_3/target/classes started by lianpengfei in /Users/lianpengfei/git/miaosha/miaosha_3)
2018-11-18 17:58:05,844 (SpringApplication.java:675)  INFO No active profile set, falling back to default profiles: default
2018-11-18 17:58:07,489 (TomcatWebServer.java:90)  INFO Tomcat initialized with port(s): 8080 (http)
2018-11-18 17:58:07,712 (ServletWebServerApplicationContext.java:285)  INFO Root WebApplicationContext: initialization completed in 1783 ms
2018-11-18 17:58:07,778 (ServletRegistrationBean.java:186)  INFO Servlet dispatcherServlet mapped to [/]
2018-11-18 17:58:07,779 (ServletRegistrationBean.java:186)  INFO Servlet statViewServlet mapped to [/druid/*]
2018-11-18 17:58:07,784 (AbstractFilterRegistrationBean.java:248)  INFO Mapping filter: 'characterEncodingFilter' to: [/*]
2018-11-18 17:58:07,785 (AbstractFilterRegistrationBean.java:248)  INFO Mapping filter: 'hiddenHttpMethodFilter' to: [/*]
2018-11-18 17:58:07,785 (AbstractFilterRegistrationBean.java:248)  INFO Mapping filter: 'formContentFilter' to: [/*]
2018-11-18 17:58:07,786 (AbstractFilterRegistrationBean.java:248)  INFO Mapping filter: 'requestContextFilter' to: [/*]
2018-11-18 17:58:07,786 (AbstractFilterRegistrationBean.java:261)  INFO Mapping filter: 'webStatFilter' to urls: [/*]
2018-11-18 17:58:08,780 (Log4j2Impl.java:106)  INFO {dataSource-1} inited
2018-11-18 17:58:09,211 (ExecutorConfigurationSupport.java:171)  INFO Initializing ExecutorService 'applicationTaskExecutor'
2018-11-18 17:58:09,598 (TomcatWebServer.java:204)  INFO Tomcat started on port(s): 8080 (http) with context path ''
2018-11-18 17:58:09,605 (StartupInfoLogger.java:59)  INFO Started Application in 4.353 seconds (JVM running for 5.762)
2018-11-18 17:58:35,526 (FrameworkServlet.java:521)  INFO Initializing Servlet 'dispatcherServlet'
2018-11-18 17:58:35,574 (FrameworkServlet.java:543)  INFO Completed initialization in 46 ms
2018-11-18 17:58:35,616 (LoginController.java:34)  INFO 登录了
2018-11-18 17:58:35,633 (LoginController.java:36)  WARN 登录了，warning
