2018-11-26 19:51:17,897 (StartupInfoLogger.java:50)  INFO Starting Application on admindeMacBook-Pro.local with PID 92514 (/Users/lianpengfei/git/miaosha/miaosha_7/target/classes started by lianpengfei in /Users/lianpengfei/git/miaosha/miaosha_7)
2018-11-26 19:51:17,902 (SpringApplication.java:675)  INFO No active profile set, falling back to default profiles: default
2018-11-26 19:51:18,687 (PostProcessorRegistrationDelegate.java:330)  INFO Bean 'org.springframework.amqp.rabbit.annotation.RabbitBootstrapConfiguration' of type [org.springframework.amqp.rabbit.annotation.RabbitBootstrapConfiguration$$EnhancerBySpringCGLIB$$e73558d5] is not eligible for getting processed by all BeanPostProcessors (for example: not eligible for auto-proxying)
2018-11-26 19:51:19,010 (TomcatWebServer.java:90)  INFO Tomcat initialized with port(s): 8080 (http)
2018-11-26 19:51:19,096 (ServletWebServerApplicationContext.java:285)  INFO Root WebApplicationContext: initialization completed in 1156 ms
2018-11-26 19:51:19,139 (ServletRegistrationBean.java:186)  INFO Servlet dispatcherServlet mapped to [/]
2018-11-26 19:51:19,140 (ServletRegistrationBean.java:186)  INFO Servlet statViewServlet mapped to [/druid/*]
2018-11-26 19:51:19,143 (AbstractFilterRegistrationBean.java:248)  INFO Mapping filter: 'characterEncodingFilter' to: [/*]
2018-11-26 19:51:19,143 (AbstractFilterRegistrationBean.java:248)  INFO Mapping filter: 'hiddenHttpMethodFilter' to: [/*]
2018-11-26 19:51:19,143 (AbstractFilterRegistrationBean.java:248)  INFO Mapping filter: 'formContentFilter' to: [/*]
2018-11-26 19:51:19,143 (AbstractFilterRegistrationBean.java:248)  INFO Mapping filter: 'requestContextFilter' to: [/*]
2018-11-26 19:51:19,144 (AbstractFilterRegistrationBean.java:261)  INFO Mapping filter: 'webStatFilter' to urls: [/*]
2018-11-26 19:51:19,144 (AbstractFilterRegistrationBean.java:248)  INFO Mapping filter: 'resourceUrlEncodingFilter' to: [/*]
2018-11-26 19:51:19,722 (Log4j2Impl.java:106)  INFO {dataSource-1} inited
2018-11-26 19:51:20,199 (ExecutorConfigurationSupport.java:171)  INFO Initializing ExecutorService 'applicationTaskExecutor'
2018-11-26 19:51:20,455 (AbstractConnectionFactory.java:455)  INFO Attempting to connect to: [127.0.0.1:5672]
2018-11-26 19:51:20,484 (AbstractConnectionFactory.java:491)  INFO Created new connection: rabbitConnectionFactory#5a8ab2:0/SimpleConnection@6c8f60f3 [delegate=amqp://guest@127.0.0.1:5672/, localPort= 64704]
2018-11-26 19:51:20,596 (TomcatWebServer.java:204)  INFO Tomcat started on port(s): 8080 (http) with context path ''
2018-11-26 19:51:20,599 (StartupInfoLogger.java:59)  INFO Started Application in 3.103 seconds (JVM running for 4.081)
2018-11-26 19:51:39,960 (FrameworkServlet.java:521)  INFO Initializing Servlet 'dispatcherServlet'
2018-11-26 19:51:39,967 (FrameworkServlet.java:543)  INFO Completed initialization in 7 ms
2018-11-26 19:51:39,986 (LoginController.java:34)  INFO 登录了
2018-11-26 19:51:39,987 (LoginController.java:36)  WARN 登录了，warning
